<?xml version="1.0" encoding="UTF-8"?>
<!-- Generated by org.testng.reporters.JUnitXMLReporter -->
<testsuite ignored="0" hostname="Yashs-MacBook.local" failures="1" tests="2" name="Validating title of Login" time="9.933" errors="0" timestamp="2020-05-03T14:08:09 IST">
  <testcase classname="Academy.validateNavigation" name="basePageNavigation" time="0.16"/>
  <testcase classname="Academy.validateTitle" name="validateTitlePage" time="1.213">
    <failure type="java.lang.AssertionError" message="expected [Featured Courses] but found [FEATURED COURSES]">
      <![CDATA[java.lang.AssertionError: expected [Featured Courses] but found [FEATURED COURSES]
at Academy.validateTitle.validateTitlePage(validateTitle.java:31)
at java.base/java.util.ArrayList.forEach(ArrayList.java:1540)
at java.base/java.util.concurrent.FutureTask.run(FutureTask.java:264)
at java.base/java.util.concurrent.ThreadPoolExecutor.runWorker(ThreadPoolExecutor.java:1128)
at java.base/java.util.concurrent.ThreadPoolExecutor$Worker.run(ThreadPoolExecutor.java:628)
at java.base/java.lang.Thread.run(Thread.java:834)
... Removed 23 stack frames]]>
    </failure>
  </testcase> <!-- validateTitlePage -->
</testsuite> <!-- Validating title of Login -->
